生成启动时间为 2020/10/28 11:47:47。
     1>项目“D:\2020_code\查找单链表的倒数第k个节点，要求只能遍历一次链表\查找单链表的倒数第k个节点，要求只能遍历一次链表\查找单链表的倒数第k个节点，要求只能遍历一次链表.vcxproj”在节点 2 上(Build 个目标)。
     1>ClCompile:
         D:\VS2013\VC\bin\CL.exe /c /ZI /nologo /W3 /WX- /sdl /Od /Oy- /D _UNICODE /D UNICODE /Gm /EHsc /RTC1 /MDd /GS /fp:precise /Zc:wchar_t /Zc:forScope /Fo"Debug\\" /Fd"Debug\vc120.pdb" /Gd /TP /analyze- /errorReport:prompt "源.cpp"
         源.cpp
     1>d:\2020_code\查找单链表的倒数第k个节点，要求只能遍历一次链表\查找单链表的倒数第k个节点，要求只能遍历一次链表\源.cpp(15): error C2440: “类型转换”: 无法从“void *”转换为“Node”
                 无构造函数可以接受源类型，或构造函数重载决策不明确
     1>d:\2020_code\查找单链表的倒数第k个节点，要求只能遍历一次链表\查找单链表的倒数第k个节点，要求只能遍历一次链表\源.cpp(17): error C2065: ““申请内存空间失败””: 未声明的标识符
     1>d:\2020_code\查找单链表的倒数第k个节点，要求只能遍历一次链表\查找单链表的倒数第k个节点，要求只能遍历一次链表\源.cpp(27): error C2065: ““为节点创建空间失败””: 未声明的标识符
     1>d:\2020_code\查找单链表的倒数第k个节点，要求只能遍历一次链表\查找单链表的倒数第k个节点，要求只能遍历一次链表\源.cpp(37): error C2065: ““NULL””: 未声明的标识符
     1>d:\2020_code\查找单链表的倒数第k个节点，要求只能遍历一次链表\查找单链表的倒数第k个节点，要求只能遍历一次链表\源.cpp(41): error C2065: ““”: 未声明的标识符
     1>d:\2020_code\查找单链表的倒数第k个节点，要求只能遍历一次链表\查找单链表的倒数第k个节点，要求只能遍历一次链表\源.cpp(41): error C2065: “d—”: 未声明的标识符
     1>d:\2020_code\查找单链表的倒数第k个节点，要求只能遍历一次链表\查找单链表的倒数第k个节点，要求只能遍历一次链表\源.cpp(41): error C2065: “””: 未声明的标识符
     1>d:\2020_code\查找单链表的倒数第k个节点，要求只能遍历一次链表\查找单链表的倒数第k个节点，要求只能遍历一次链表\源.cpp(44): error C2017: 非法的转义序列
     1>d:\2020_code\查找单链表的倒数第k个节点，要求只能遍历一次链表\查找单链表的倒数第k个节点，要求只能遍历一次链表\源.cpp(44): error C2065: ““NULL”: 未声明的标识符
     1>d:\2020_code\查找单链表的倒数第k个节点，要求只能遍历一次链表\查找单链表的倒数第k个节点，要求只能遍历一次链表\源.cpp(44): error C2146: 语法错误: 缺少“)”(在标识符“n””的前面)
     1>d:\2020_code\查找单链表的倒数第k个节点，要求只能遍历一次链表\查找单链表的倒数第k个节点，要求只能遍历一次链表\源.cpp(44): error C2059: 语法错误:“)”
     1>d:\2020_code\查找单链表的倒数第k个节点，要求只能遍历一次链表\查找单链表的倒数第k个节点，要求只能遍历一次链表\源.cpp(79): error C4430: 缺少类型说明符 - 假定为 int。注意:  C++ 不支持默认 int
     1>d:\2020_code\查找单链表的倒数第k个节点，要求只能遍历一次链表\查找单链表的倒数第k个节点，要求只能遍历一次链表\源.cpp(86): error C2065: ““”: 未声明的标识符
     1>d:\2020_code\查找单链表的倒数第k个节点，要求只能遍历一次链表\查找单链表的倒数第k个节点，要求只能遍历一次链表\源.cpp(86): error C2065: “d””: 未声明的标识符
     1>d:\2020_code\查找单链表的倒数第k个节点，要求只能遍历一次链表\查找单链表的倒数第k个节点，要求只能遍历一次链表\源.cpp(87): warning C4508: “test3”: 函数应返回一个值；假定“void”返回类型
     1>d:\2020_code\查找单链表的倒数第k个节点，要求只能遍历一次链表\查找单链表的倒数第k个节点，要求只能遍历一次链表\源.cpp(91): error C2065: ““pause””: 未声明的标识符
     1>已完成生成项目“D:\2020_code\查找单链表的倒数第k个节点，要求只能遍历一次链表\查找单链表的倒数第k个节点，要求只能遍历一次链表\查找单链表的倒数第k个节点，要求只能遍历一次链表.vcxproj”(Build 个目标)的操作 - 失败。

生成失败。

已用时间 00:00:00.97
